<?xml version="1.0" encoding="UTF-8"?>
<section version="5.0"
         xmlns="http://docbook.org/ns/docbook"
         xmlns:xsi="http://www.w3.org/2001/XMLSchema-instance"
         xmlns:xs="http://www.w3.org/2001/XMLSchema"
         xmlns:xlink="http://www.w3.org/1999/xlink"
         xmlns:xi="http://www.w3.org/2001/XInclude"
         xml:base="./"
         xmlns:ns="http://docbook.org/ns/docbook">
  <title>Test scenarios</title>

  <figure>
    <title>Test Scenarios before execution</title>

    <mediaobject>
      <imageobject>
        <imagedata align="center"
          fileref="images/Chapter-Guvnor/TestScenariosBeforeExecution.png"
          format="PNG" scalefit="0" ></imagedata>
      </imageobject>
    </mediaobject>
  </figure>

  <para>Test Scenarios can be executed one at the time or as a group. The group execution contains all the Scenarios from one module. Test Scenarios are independent, one Scenario can not affect or modify the other.</para>

  <figure>
    <title>Example Test Scenarios after execution</title>

    <mediaobject>
      <imageobject>
        <imagedata align="center"
          fileref="images/Chapter-Guvnor/TestScenariosAfterExecution.png"
          format="PNG" scalefit="0" ></imagedata>
      </imageobject>
    </mediaobject>
  </figure>

  <para>After running all the Test Scenarios a report is shown. In a valid knowledge base all tests should pass and rule coverage should be 100%. Passing tests are marked with green, red shows failing tests and yellow notifies about missing rule coverage or missing expectations.</para>
</section>
